# JRE version: Java(TM) SE Runtime Environment (17.0.12+8) (build 17.0.12+8-LTS-286)
# Java VM: Java HotSpot(TM) 64-Bit Server VM (17.0.12+8-LTS-286, mixed mode, sharing, tiered, compressed oops, compressed class ptrs, g1 gc, windows-amd64)
GC Precious Log:
 CPUs: 8 total, 8 available
 Memory: 6005M
 Large Page Support: Disabled
 NUMA Support: Disabled
 Compressed Oops: Enabled (Zero based)
 Heap Region Size: 4M
 Heap Min Capacity: 8M
 Heap Initial Capacity: 96M
 Heap Max Capacity: 8G
 Pre-touch: Disabled
 Parallel Workers: 8
 Concurrent Workers: 2
 Concurrent Refinement Workers: 8
 Periodic GC: Disabled
Heap:
 garbage-first heap   total 159744K, used 96273K [0x0000000600000000, 0x0000000800000000)
  region size 4096K, 2 young (8192K), 2 survivors (8192K)
 Metaspace       used 70512K, committed 71232K, reserved 1114112K
  class space    used 9984K, committed 10368K, reserved 1048576K
GC Heap History (20 events):
Event: 9.331 GC heap after
{Heap after GC invocations=24 (full 0):
 garbage-first heap   total 118784K, used 60798K [0x0000000600000000, 0x0000000800000000)
  region size 4096K, 1 young (4096K), 1 survivors (4096K)
 Metaspace       used 62181K, committed 62784K, reserved 1114112K
  class space    used 8886K, committed 9216K, reserved 1048576K
}
Event: 9.752 GC heap before
{Heap before GC invocations=24 (full 0):
 garbage-first heap   total 118784K, used 93566K [0x0000000600000000, 0x0000000800000000)
  region size 4096K, 9 young (36864K), 1 survivors (4096K)
 Metaspace       used 64383K, committed 65088K, reserved 1114112K
  class space    used 9285K, committed 9600K, reserved 1048576K
}
Event: 9.757 GC heap after
{Heap after GC invocations=25 (full 0):
 garbage-first heap   total 147456K, used 64652K [0x0000000600000000, 0x0000000800000000)
  region size 4096K, 2 young (8192K), 2 survivors (8192K)
 Metaspace       used 64383K, committed 65088K, reserved 1114112K
  class space    used 9285K, committed 9600K, reserved 1048576K
}
Event: 10.654 GC heap before
{Heap before GC invocations=26 (full 0):
 garbage-first heap   total 147456K, used 113804K [0x0000000600000000, 0x0000000800000000)
  region size 4096K, 14 young (57344K), 2 survivors (8192K)
 Metaspace       used 66249K, committed 66880K, reserved 1114112K
  class space    used 9505K, committed 9792K, reserved 1048576K
}
Event: 10.661 GC heap after
{Heap after GC invocations=27 (full 0):
 garbage-first heap   total 147456K, used 68854K [0x0000000600000000, 0x0000000800000000)
  region size 4096K, 2 young (8192K), 2 survivors (8192K)
 Metaspace       used 66249K, committed 66880K, reserved 1114112K
  class space    used 9505K, committed 9792K, reserved 1048576K
}
Event: 10.676 GC heap before
{Heap before GC invocations=27 (full 0):
 garbage-first heap   total 147456K, used 68854K [0x0000000600000000, 0x0000000800000000)
  region size 4096K, 3 young (12288K), 2 survivors (8192K)
 Metaspace       used 66260K, committed 66880K, reserved 1114112K
  class space    used 9505K, committed 9792K, reserved 1048576K
}
Event: 10.681 GC heap after
{Heap after GC invocations=28 (full 0):
 garbage-first heap   total 147456K, used 68605K [0x0000000600000000, 0x0000000800000000)
  region size 4096K, 1 young (4096K), 1 survivors (4096K)
 Metaspace       used 66260K, committed 66880K, reserved 1114112K
  class space    used 9505K, committed 9792K, reserved 1048576K
}
Event: 10.874 GC heap before
{Heap before GC invocations=28 (full 0):
 garbage-first heap   total 147456K, used 109565K [0x0000000600000000, 0x0000000800000000)
  region size 4096K, 11 young (45056K), 1 survivors (4096K)
 Metaspace       used 66415K, committed 67072K, reserved 1114112K
  class space    used 9506K, committed 9792K, reserved 1048576K
}
Event: 10.877 GC heap after
{Heap after GC invocations=29 (full 0):
 garbage-first heap   total 147456K, used 69701K [0x0000000600000000, 0x0000000800000000)
  region size 4096K, 1 young (4096K), 1 survivors (4096K)
 Metaspace       used 66415K, committed 67072K, reserved 1114112K
  class space    used 9506K, committed 9792K, reserved 1048576K
}
Event: 11.047 GC heap before
{Heap before GC invocations=30 (full 0):
 garbage-first heap   total 147456K, used 110661K [0x0000000600000000, 0x0000000800000000)
  region size 4096K, 11 young (45056K), 1 survivors (4096K)
 Metaspace       used 66453K, committed 67072K, reserved 1114112K
  class space    used 9506K, committed 9792K, reserved 1048576K
}
Event: 11.051 GC heap after
{Heap after GC invocations=31 (full 0):
 garbage-first heap   total 147456K, used 70718K [0x0000000600000000, 0x0000000800000000)
  region size 4096K, 2 young (8192K), 2 survivors (8192K)
 Metaspace       used 66453K, committed 67072K, reserved 1114112K
  class space    used 9506K, committed 9792K, reserved 1048576K
}
Event: 11.173 GC heap before
{Heap before GC invocations=31 (full 0):
 garbage-first heap   total 147456K, used 111678K [0x0000000600000000, 0x0000000800000000)
  region size 4096K, 12 young (49152K), 2 survivors (8192K)
 Metaspace       used 66460K, committed 67072K, reserved 1114112K
  class space    used 9506K, committed 9792K, reserved 1048576K
}
Event: 11.177 GC heap after
{Heap after GC invocations=32 (full 0):
 garbage-first heap   total 147456K, used 71728K [0x0000000600000000, 0x0000000800000000)
  region size 4096K, 2 young (8192K), 2 survivors (8192K)
 Metaspace       used 66460K, committed 67072K, reserved 1114112K
  class space    used 9506K, committed 9792K, reserved 1048576K
}
Event: 11.328 GC heap before
{Heap before GC invocations=33 (full 0):
 garbage-first heap   total 159744K, used 112688K [0x0000000600000000, 0x0000000800000000)
  region size 4096K, 12 young (49152K), 2 survivors (8192K)
 Metaspace       used 66460K, committed 67072K, reserved 1114112K
  class space    used 9506K, committed 9792K, reserved 1048576K
}
Event: 11.332 GC heap after
{Heap after GC invocations=34 (full 0):
 garbage-first heap   total 159744K, used 72850K [0x0000000600000000, 0x0000000800000000)
  region size 4096K, 2 young (8192K), 2 survivors (8192K)
 Metaspace       used 66460K, committed 67072K, reserved 1114112K
  class space    used 9506K, committed 9792K, reserved 1048576K
}
Event: 11.493 GC heap before
{Heap before GC invocations=34 (full 0):
 garbage-first heap   total 159744K, used 89234K [0x0000000600000000, 0x0000000800000000)
  region size 4096K, 8 young (32768K), 2 survivors (8192K)
 Metaspace       used 66892K, committed 67456K, reserved 1114112K
  class space    used 9583K, committed 9856K, reserved 1048576K
}
Event: 11.498 GC heap after
{Heap after GC invocations=35 (full 0):
 garbage-first heap   total 159744K, used 80373K [0x0000000600000000, 0x0000000800000000)
  region size 4096K, 2 young (8192K), 2 survivors (8192K)
 Metaspace       used 66892K, committed 67456K, reserved 1114112K
  class space    used 9583K, committed 9856K, reserved 1048576K
}
Event: 11.922 GC heap before
{Heap before GC invocations=36 (full 0):
 garbage-first heap   total 159744K, used 117237K [0x0000000600000000, 0x0000000800000000)
  region size 4096K, 11 young (45056K), 2 survivors (8192K)
 Metaspace       used 68711K, committed 69376K, reserved 1114112K
  class space    used 9759K, committed 10048K, reserved 1048576K
}
Event: 11.927 GC heap after
{Heap after GC invocations=37 (full 0):
 garbage-first heap   total 159744K, used 91330K [0x0000000600000000, 0x0000000800000000)
  region size 4096K, 2 young (8192K), 2 survivors (8192K)
 Metaspace       used 68711K, committed 69376K, reserved 1114112K
  class space    used 9759K, committed 10048K, reserved 1048576K
}
Event: 12.235 GC heap before
{Heap before GC invocations=37 (full 0):
 garbage-first heap   total 159744K, used 115906K [0x0000000600000000, 0x0000000800000000)
  region size 4096K, 9 young (36864K), 2 survivors (8192K)
 Metaspace       used 70512K, committed 71232K, reserved 1114112K
  class space    used 9984K, committed 10368K, reserved 1048576K
}

