# JRE version: OpenJDK Runtime Environment (21.0.4) (build 21.0.4+-12508038-b607.1)
# Java VM: OpenJDK 64-Bit Server VM (21.0.4+-12508038-b607.1, mixed mode, tiered, compressed oops, compressed class ptrs, g1 gc, windows-amd64)
GC Precious Log:
 CardTable entry size: 512
 Card Set container configuration: InlinePtr #cards 4 size 8 Array Of Cards #cards 32 size 80 Howl #buckets 8 coarsen threshold 7372 Howl Bitmap #cards 1024 size 144 coarsen threshold 921 Card regions per heap region 1 cards per card region 8192
 CPUs: 8 total, 8 available
 Memory: 6005M
 Large Page Support: Disabled
 NUMA Support: Disabled
 Compressed Oops: Enabled (Zero based)
 Heap Region Size: 4M
 Heap Min Capacity: 8M
 Heap Initial Capacity: 96M
 Heap Max Capacity: 8G
 Pre-touch: Disabled
 Parallel Workers: 8
 Concurrent Workers: 2
 Concurrent Refinement Workers: 8
 Periodic GC: Disabled
Heap:
 garbage-first heap   total 110592K, used 74692K [0x0000000600000000, 0x0000000800000000)
  region size 4096K, 6 young (24576K), 2 survivors (8192K)
 Metaspace       used 76154K, committed 77952K, reserved 1179648K
  class space    used 10479K, committed 11328K, reserved 1048576K
GC Heap History (20 events):
Event: 6.680 GC heap before
{Heap before GC invocations=12 (full 0):
 garbage-first heap   total 98304K, used 77899K [0x0000000600000000, 0x0000000800000000)
  region size 4096K, 12 young (49152K), 1 survivors (4096K)
 Metaspace       used 51310K, committed 52736K, reserved 1114112K
  class space    used 6927K, committed 7616K, reserved 1048576K
}
Event: 6.683 GC heap after
{Heap after GC invocations=13 (full 0):
 garbage-first heap   total 98304K, used 35617K [0x0000000600000000, 0x0000000800000000)
  region size 4096K, 2 young (8192K), 2 survivors (8192K)
 Metaspace       used 51310K, committed 52736K, reserved 1114112K
  class space    used 6927K, committed 7616K, reserved 1048576K
}
Event: 7.188 GC heap before
{Heap before GC invocations=13 (full 0):
 garbage-first heap   total 98304K, used 72481K [0x0000000600000000, 0x0000000800000000)
  region size 4096K, 12 young (49152K), 2 survivors (8192K)
 Metaspace       used 55275K, committed 56832K, reserved 1114112K
  class space    used 7486K, committed 8256K, reserved 1048576K
}
Event: 7.192 GC heap after
{Heap after GC invocations=14 (full 0):
 garbage-first heap   total 98304K, used 37559K [0x0000000600000000, 0x0000000800000000)
  region size 4096K, 2 young (8192K), 2 survivors (8192K)
 Metaspace       used 55275K, committed 56832K, reserved 1114112K
  class space    used 7486K, committed 8256K, reserved 1048576K
}
Event: 7.861 GC heap before
{Heap before GC invocations=14 (full 0):
 garbage-first heap   total 98304K, used 70327K [0x0000000600000000, 0x0000000800000000)
  region size 4096K, 11 young (45056K), 2 survivors (8192K)
 Metaspace       used 58782K, committed 60288K, reserved 1114112K
  class space    used 8018K, committed 8768K, reserved 1048576K
}
Event: 7.865 GC heap after
{Heap after GC invocations=15 (full 0):
 garbage-first heap   total 98304K, used 40204K [0x0000000600000000, 0x0000000800000000)
  region size 4096K, 2 young (8192K), 2 survivors (8192K)
 Metaspace       used 58782K, committed 60288K, reserved 1114112K
  class space    used 8018K, committed 8768K, reserved 1048576K
}
Event: 8.461 GC heap before
{Heap before GC invocations=16 (full 0):
 garbage-first heap   total 98304K, used 72972K [0x0000000600000000, 0x0000000800000000)
  region size 4096K, 11 young (45056K), 2 survivors (8192K)
 Metaspace       used 59757K, committed 61312K, reserved 1114112K
  class space    used 8158K, committed 8896K, reserved 1048576K
}
Event: 8.466 GC heap after
{Heap after GC invocations=17 (full 0):
 garbage-first heap   total 98304K, used 43881K [0x0000000600000000, 0x0000000800000000)
  region size 4096K, 2 young (8192K), 2 survivors (8192K)
 Metaspace       used 59757K, committed 61312K, reserved 1114112K
  class space    used 8158K, committed 8896K, reserved 1048576K
}
Event: 8.993 GC heap before
{Heap before GC invocations=17 (full 0):
 garbage-first heap   total 98304K, used 76649K [0x0000000600000000, 0x0000000800000000)
  region size 4096K, 10 young (40960K), 2 survivors (8192K)
 Metaspace       used 62652K, committed 64448K, reserved 1114112K
  class space    used 8639K, committed 9536K, reserved 1048576K
}
Event: 8.997 GC heap after
{Heap after GC invocations=18 (full 0):
 garbage-first heap   total 98304K, used 45238K [0x0000000600000000, 0x0000000800000000)
  region size 4096K, 2 young (8192K), 2 survivors (8192K)
 Metaspace       used 62652K, committed 64448K, reserved 1114112K
  class space    used 8639K, committed 9536K, reserved 1048576K
}
Event: 9.714 GC heap before
{Heap before GC invocations=18 (full 0):
 garbage-first heap   total 98304K, used 73910K [0x0000000600000000, 0x0000000800000000)
  region size 4096K, 10 young (40960K), 2 survivors (8192K)
 Metaspace       used 66498K, committed 68288K, reserved 1114112K
  class space    used 9160K, committed 10048K, reserved 1048576K
}
Event: 9.719 GC heap after
{Heap after GC invocations=19 (full 0):
 garbage-first heap   total 98304K, used 49702K [0x0000000600000000, 0x0000000800000000)
  region size 4096K, 2 young (8192K), 2 survivors (8192K)
 Metaspace       used 66498K, committed 68288K, reserved 1114112K
  class space    used 9160K, committed 10048K, reserved 1048576K
}
Event: 9.834 GC heap before
{Heap before GC invocations=19 (full 0):
 garbage-first heap   total 98304K, used 53798K [0x0000000600000000, 0x0000000800000000)
  region size 4096K, 4 young (16384K), 2 survivors (8192K)
 Metaspace       used 67257K, committed 68992K, reserved 1114112K
  class space    used 9291K, committed 10176K, reserved 1048576K
}
Event: 9.838 GC heap after
{Heap after GC invocations=20 (full 0):
 garbage-first heap   total 98304K, used 51250K [0x0000000600000000, 0x0000000800000000)
  region size 4096K, 1 young (4096K), 1 survivors (4096K)
 Metaspace       used 67257K, committed 68992K, reserved 1114112K
  class space    used 9291K, committed 10176K, reserved 1048576K
}
Event: 10.285 GC heap before
{Heap before GC invocations=21 (full 0):
 garbage-first heap   total 110592K, used 88114K [0x0000000600000000, 0x0000000800000000)
  region size 4096K, 8 young (32768K), 1 survivors (4096K)
 Metaspace       used 69856K, committed 71616K, reserved 1114112K
  class space    used 9659K, committed 10560K, reserved 1048576K
}
Event: 10.287 GC heap after
{Heap after GC invocations=22 (full 0):
 garbage-first heap   total 110592K, used 60587K [0x0000000600000000, 0x0000000800000000)
  region size 4096K, 1 young (4096K), 1 survivors (4096K)
 Metaspace       used 69856K, committed 71616K, reserved 1114112K
  class space    used 9659K, committed 10560K, reserved 1048576K
}
Event: 10.711 GC heap before
{Heap before GC invocations=22 (full 0):
 garbage-first heap   total 110592K, used 89259K [0x0000000600000000, 0x0000000800000000)
  region size 4096K, 9 young (36864K), 1 survivors (4096K)
 Metaspace       used 73068K, committed 74880K, reserved 1114112K
  class space    used 10063K, committed 10944K, reserved 1048576K
}
Event: 10.717 GC heap after
{Heap after GC invocations=23 (full 0):
 garbage-first heap   total 110592K, used 61520K [0x0000000600000000, 0x0000000800000000)
  region size 4096K, 2 young (8192K), 2 survivors (8192K)
 Metaspace       used 73068K, committed 74880K, reserved 1114112K
  class space    used 10063K, committed 10944K, reserved 1048576K
}
Event: 11.055 GC heap before
{Heap before GC invocations=23 (full 0):
 garbage-first heap   total 110592K, used 90192K [0x0000000600000000, 0x0000000800000000)
  region size 4096K, 9 young (36864K), 2 survivors (8192K)
 Metaspace       used 75118K, committed 76928K, reserved 1179648K
  class space    used 10317K, committed 11200K, reserved 1048576K
}
Event: 11.058 GC heap after
{Heap after GC invocations=24 (full 0):
 garbage-first heap   total 110592K, used 62404K [0x0000000600000000, 0x0000000800000000)
  region size 4096K, 2 young (8192K), 2 survivors (8192K)
 Metaspace       used 75118K, committed 76928K, reserved 1179648K
  class space    used 10317K, committed 11200K, reserved 1048576K
}

